============================================================
  VPN 在线监控系统 v1.0
============================================================
[INIT] 初始化数据库...
[INIT] 初始化城市解析器...
  - 本地文件解析器: available=True, 
[INIT] 执行首次采集...
[2026-06-30 00:08:15.391271] 采集: 服务器A (IKEv2) ...
  -> 状态=success, 在线=0, IPs=[], 耗时=335ms
[2026-06-30 00:08:15.741589] 采集: 服务器B (OpenVPN) ...
  -> 状态=success, 在线=0, IPs=[], 耗时=125ms
[SCHEDULER] 定时采集已启动，间隔 60 秒
[WEB] 启动 Web 服务 http://127.0.0.1:5000
  页面: /status | /history | /config
============================================================
 * Serving Flask app 'app'
 * Debug mode: off
[2026-06-30 00:08:36.075061] 采集: 服务器A (IKEv2) ...
  -> 状态=success, 在线=0, IPs=[], 耗时=70ms
[2026-06-30 00:08:36.154133] 采集: 服务器B (OpenVPN) ...
  -> 状态=success, 在线=0, IPs=[], 耗时=7ms
[2026-06-30 00:08:39.234931] 采集: 服务器A (IKEv2) ...
  -> 状态=success, 在线=0, IPs=[], 耗时=73ms
[2026-06-30 00:08:39.316005] 采集: 服务器B (OpenVPN) ...
  -> 状态=success, 在线=0, IPs=[], 耗时=7ms
[2026-06-30 00:08:39.930563] 采集: 服务器A (IKEv2) ...
  -> 状态=success, 在线=0, IPs=[], 耗时=79ms
[2026-06-30 00:08:40.018643] 采集: 服务器B (OpenVPN) ...
  -> 状态=success, 在线=0, IPs=[], 耗时=6ms
[2026-06-30 00:08:40.429016] 采集: 服务器A (IKEv2) ...
  -> 状态=success, 在线=0, IPs=[], 耗时=67ms
[2026-06-30 00:08:40.505085] 采集: 服务器B (OpenVPN) ...
  -> 状态=success, 在线=0, IPs=[], 耗时=6ms
[2026-06-30 00:08:40.810363] 采集: 服务器A (IKEv2) ...
  -> 状态=success, 在线=0, IPs=[], 耗时=79ms
[2026-06-30 00:08:40.898442] 采集: 服务器B (OpenVPN) ...
  -> 状态=success, 在线=0, IPs=[], 耗时=6ms
[2026-06-30 00:08:41.244757] 采集: 服务器A (IKEv2) ...
  -> 状态=success, 在线=0, IPs=[], 耗时=69ms
[2026-06-30 00:08:41.322829] 采集: 服务器B (OpenVPN) ...
  -> 状态=success, 在线=0, IPs=[], 耗时=7ms
[2026-06-30 00:08:41.579061] 采集: 服务器A (IKEv2) ...
  -> 状态=success, 在线=0, IPs=[], 耗时=82ms
[2026-06-30 00:08:41.669143] 采集: 服务器B (OpenVPN) ...
  -> 状态=success, 在线=0, IPs=[], 耗时=7ms
[2026-06-30 00:08:41.804268] 采集: 服务器A (IKEv2) ...
  -> 状态=success, 在线=0, IPs=[], 耗时=71ms
[2026-06-30 00:08:41.885339] 采集: 服务器B (OpenVPN) ...
  -> 状态=success, 在线=0, IPs=[], 耗时=6ms
[2026-06-30 00:08:41.976422] 采集: 服务器A (IKEv2) ...
  -> 状态=success, 在线=0, IPs=[], 耗时=78ms
[2026-06-30 00:08:42.062500] 采集: 服务器B (OpenVPN) ...
  -> 状态=success, 在线=0, IPs=[], 耗时=7ms
[2026-06-30 00:08:42.142573] 采集: 服务器A (IKEv2) ...
  -> 状态=success, 在线=0, IPs=[], 耗时=71ms
[2026-06-30 00:08:42.222645] 采集: 服务器B (OpenVPN) ...
  -> 状态=success, 在线=0, IPs=[], 耗时=6ms
[2026-06-30 00:08:42.297714] 采集: 服务器A (IKEv2) ...
  -> 状态=success, 在线=0, IPs=[], 耗时=71ms
[2026-06-30 00:08:42.380789] 采集: 服务器B (OpenVPN) ...
  -> 状态=success, 在线=0, IPs=[], 耗时=7ms
[2026-06-30 00:08:42.465867] 采集: 服务器A (IKEv2) ...
  -> 状态=success, 在线=0, IPs=[], 耗时=63ms
[2026-06-30 00:08:42.537932] 采集: 服务器B (OpenVPN) ...
  -> 状态=success, 在线=0, IPs=[], 耗时=6ms
[2026-06-30 00:08:42.607996] 采集: 服务器A (IKEv2) ...
  -> 状态=success, 在线=0, IPs=[], 耗时=74ms
[2026-06-30 00:08:42.690070] 采集: 服务器B (OpenVPN) ...
  -> 状态=success, 在线=0, IPs=[], 耗时=7ms
[2026-06-30 00:08:42.776149] 采集: 服务器A (IKEv2) ...
  -> 状态=success, 在线=0, IPs=[], 耗时=78ms
[2026-06-30 00:08:42.862227] 采集: 服务器B (OpenVPN) ...
  -> 状态=success, 在线=0, IPs=[], 耗时=7ms
[2026-06-30 00:08:42.920279] 采集: 服务器A (IKEv2) ...
  -> 状态=success, 在线=0, IPs=[], 耗时=65ms
[2026-06-30 00:08:42.994346] 采集: 服务器B (OpenVPN) ...
  -> 状态=success, 在线=0, IPs=[], 耗时=7ms
[2026-06-30 00:08:43.082427] 采集: 服务器A (IKEv2) ...
  -> 状态=success, 在线=0, IPs=[], 耗时=72ms
[2026-06-30 00:08:43.162499] 采集: 服务器B (OpenVPN) ...
  -> 状态=success, 在线=0, IPs=[], 耗时=7ms
[2026-06-30 00:08:43.213546] 采集: 服务器A (IKEv2) ...
  -> 状态=success, 在线=0, IPs=[], 耗时=74ms
[2026-06-30 00:08:43.296621] 采集: 服务器B (OpenVPN) ...
  -> 状态=success, 在线=0, IPs=[], 耗时=7ms
[2026-06-30 00:08:43.865138] 采集: 服务器A (IKEv2) ...
  -> 状态=success, 在线=0, IPs=[], 耗时=75ms
[2026-06-30 00:08:43.948213] 采集: 服务器B (OpenVPN) ...
  -> 状态=success, 在线=0, IPs=[], 耗时=7ms
[2026-06-30 00:08:44.046302] 采集: 服务器A (IKEv2) ...
  -> 状态=success, 在线=0, IPs=[], 耗时=68ms
[2026-06-30 00:08:44.122371] 采集: 服务器B (OpenVPN) ...
  -> 状态=success, 在线=0, IPs=[], 耗时=7ms
[2026-06-30 00:08:44.229469] 采集: 服务器A (IKEv2) ...
  -> 状态=success, 在线=0, IPs=[], 耗时=67ms
[2026-06-30 00:08:44.306539] 采集: 服务器B (OpenVPN) ...
  -> 状态=success, 在线=0, IPs=[], 耗时=7ms
[2026-06-30 00:08:44.372599] 采集: 服务器A (IKEv2) ...
  -> 状态=success, 在线=0, IPs=[], 耗时=71ms
[2026-06-30 00:08:44.451670] 采集: 服务器B (OpenVPN) ...
  -> 状态=success, 在线=0, IPs=[], 耗时=6ms
[2026-06-30 00:08:44.689887] 采集: 服务器A (IKEv2) ...
  -> 状态=success, 在线=0, IPs=[], 耗时=82ms
[2026-06-30 00:08:44.781971] 采集: 服务器B (OpenVPN) ...
  -> 状态=success, 在线=0, IPs=[], 耗时=6ms
[2026-06-30 00:08:44.850032] 采集: 服务器A (IKEv2) ...
  -> 状态=success, 在线=0, IPs=[], 耗时=71ms
[2026-06-30 00:08:44.929104] 采集: 服务器B (OpenVPN) ...
  -> 状态=success, 在线=0, IPs=[], 耗时=7ms
[2026-06-30 00:08:44.998167] 采集: 服务器A (IKEv2) ...
  -> 状态=success, 在线=0, IPs=[], 耗时=64ms
[2026-06-30 00:08:45.070232] 采集: 服务器B (OpenVPN) ...
  -> 状态=success, 在线=0, IPs=[], 耗时=7ms
[2026-06-30 00:08:45.159314] 采集: 服务器A (IKEv2) ...
  -> 状态=success, 在线=0, IPs=[], 耗时=67ms
[2026-06-30 00:08:45.236383] 采集: 服务器B (OpenVPN) ...
  -> 状态=success, 在线=0, IPs=[], 耗时=6ms
[2026-06-30 00:08:45.305446] 采集: 服务器A (IKEv2) ...
  -> 状态=success, 在线=0, IPs=[], 耗时=65ms
[2026-06-30 00:08:45.378512] 采集: 服务器B (OpenVPN) ...
  -> 状态=success, 在线=0, IPs=[], 耗时=6ms
[2026-06-30 00:08:45.454582] 采集: 服务器A (IKEv2) ...
  -> 状态=success, 在线=0, IPs=[], 耗时=77ms
[2026-06-30 00:08:45.540660] 采集: 服务器B (OpenVPN) ...
  -> 状态=success, 在线=0, IPs=[], 耗时=7ms
[2026-06-30 00:08:45.613726] 采集: 服务器A (IKEv2) ...
  -> 状态=success, 在线=0, IPs=[], 耗时=66ms
[2026-06-30 00:08:45.688794] 采集: 服务器B (OpenVPN) ...
  -> 状态=success, 在线=0, IPs=[], 耗时=6ms
[2026-06-30 00:08:54.418725] 采集: 服务器A (IKEv2) ...
  -> 状态=success, 在线=0, IPs=[], 耗时=74ms
[2026-06-30 00:08:54.580872] 采集: 服务器B (OpenVPN) ...
  -> 状态=success, 在线=0, IPs=[], 耗时=7ms
[2026-06-30 00:08:55.170408] 采集: 服务器A (IKEv2) ...
  -> 状态=success, 在线=0, IPs=[], 耗时=77ms
[2026-06-30 00:08:55.256486] 采集: 服务器B (OpenVPN) ...
  -> 状态=success, 在线=0, IPs=[], 耗时=6ms
[2026-06-30 00:08:58.690606] 采集: 服务器A (IKEv2) ...
  -> 状态=success, 在线=0, IPs=[], 耗时=65ms
[2026-06-30 00:08:58.764673] 采集: 服务器B (OpenVPN) ...
  -> 状态=success, 在线=0, IPs=[], 耗时=7ms
[2026-06-30 00:09:15.886227] 采集: 服务器A (IKEv2) ...
  -> 状态=success, 在线=0, IPs=[], 耗时=74ms
[2026-06-30 00:09:15.970304] 采集: 服务器B (OpenVPN) ...
  -> 状态=success, 在线=0, IPs=[], 耗时=7ms
[2026-06-30 00:10:15.894742] 采集: 服务器A (IKEv2) ...
  -> 状态=success, 在线=0, IPs=[], 耗时=81ms
[2026-06-30 00:10:15.983823] 采集: 服务器B (OpenVPN) ...
  -> 状态=success, 在线=0, IPs=[], 耗时=6ms
[2026-06-30 00:10:25.390369] 采集: 服务器A (IKEv2) ...
  -> 状态=success, 在线=0, IPs=[], 耗时=68ms
[2026-06-30 00:10:25.466438] 采集: 服务器B (OpenVPN) ...
  -> 状态=success, 在线=0, IPs=[], 耗时=7ms
[2026-06-30 00:11:15.886242] 采集: 服务器A (IKEv2) ...
  -> 状态=success, 在线=0, IPs=[], 耗时=74ms
[2026-06-30 00:11:15.968316] 采集: 服务器B (OpenVPN) ...
  -> 状态=success, 在线=0, IPs=[], 耗时=6ms
[2026-06-30 00:12:01.352546] 采集: 服务器A (IKEv2) ...
  -> 状态=success, 在线=0, IPs=[], 耗时=75ms
[2026-06-30 00:12:01.436622] 采集: 服务器B (OpenVPN) ...
  -> 状态=success, 在线=0, IPs=[], 耗时=6ms
[2026-06-30 00:12:15.880744] 采集: 服务器A (IKEv2) ...
  -> 状态=success, 在线=0, IPs=[], 耗时=70ms
[2026-06-30 00:12:16.115958] 采集: 服务器B (OpenVPN) ...
  -> 状态=success, 在线=0, IPs=[], 耗时=6ms
[2026-06-30 00:13:15.888258] 采集: 服务器A (IKEv2) ...
  -> 状态=success, 在线=0, IPs=[], 耗时=78ms
[2026-06-30 00:13:15.985346] 采集: 服务器B (OpenVPN) ...
  -> 状态=success, 在线=0, IPs=[], 耗时=7ms
[2026-06-30 00:14:15.883761] 采集: 服务器A (IKEv2) ...
  -> 状态=success, 在线=0, IPs=[], 耗时=76ms
[2026-06-30 00:14:15.968838] 采集: 服务器B (OpenVPN) ...
  -> 状态=success, 在线=0, IPs=[], 耗时=6ms
[2026-06-30 00:15:15.879962] 采集: 服务器A (IKEv2) ...
  -> 状态=success, 在线=0, IPs=[], 耗时=79ms
[2026-06-30 00:15:15.969043] 采集: 服务器B (OpenVPN) ...
  -> 状态=success, 在线=0, IPs=[], 耗时=7ms
[2026-06-30 00:16:14.170002] 采集: 服务器A (IKEv2) ...
  -> 状态=success, 在线=0, IPs=[], 耗时=63ms
[2026-06-30 00:16:14.243068] 采集: 服务器B (OpenVPN) ...
  -> 状态=success, 在线=0, IPs=[], 耗时=6ms
[2026-06-30 00:16:15.890565] 采集: 服务器A (IKEv2) ...
  -> 状态=success, 在线=0, IPs=[], 耗时=75ms
[2026-06-30 00:16:15.974641] 采集: 服务器B (OpenVPN) ...
  -> 状态=success, 在线=0, IPs=[], 耗时=8ms
[2026-06-30 00:16:30.954250] 采集: 服务器A (IKEv2) ...
  -> 状态=success, 在线=0, IPs=[], 耗时=89ms
[2026-06-30 00:16:31.052339] 采集: 服务器B (OpenVPN) ...
  -> 状态=success, 在线=0, IPs=[], 耗时=6ms
[2026-06-30 00:17:15.895076] 采集: 服务器A (IKEv2) ...
  -> 状态=success, 在线=0, IPs=[], 耗时=92ms
[2026-06-30 00:17:16.001172] 采集: 服务器B (OpenVPN) ...
  -> 状态=success, 在线=0, IPs=[], 耗时=7ms
[2026-06-30 00:17:55.101532] 采集: 服务器A (IKEv2) ...
  -> 状态=success, 在线=0, IPs=[], 耗时=81ms
[2026-06-30 00:17:55.192615] 采集: 服务器B (OpenVPN) ...
  -> 状态=success, 在线=0, IPs=[], 耗时=7ms
[2026-06-30 00:18:15.889182] 采集: 服务器A (IKEv2) ...
  -> 状态=success, 在线=0, IPs=[], 耗时=96ms
[2026-06-30 00:18:15.994278] 采集: 服务器B (OpenVPN) ...
  -> 状态=success, 在线=0, IPs=[], 耗时=6ms
[2026-06-30 07:49:15.886522] 采集: 服务器A (IKEv2) ...
  -> 状态=success, 在线=0, IPs=[], 耗时=334ms
[2026-06-30 07:49:16.230835] 采集: 服务器B (OpenVPN) ...
  -> 状态=success, 在线=0, IPs=[], 耗时=145ms
